dh_update_autotools_config
dh_quilt_patch
dh_autoreconf
override_dh_auto_configure dh_auto_configure
dh_auto_configure
override_dh_auto_build dh_auto_build
dh_auto_build
dh_auto_test
dh_prep
dh_installdirs
dh_auto_install
override_dh_install dh_install
dh_install
override_dh_installdocs dh_installdocs
override_dh_installdocs dh_installdocs
dh_installdocs
dh_installchangelogs
dh_installman
dh_installcron
dh_systemd_enable
override_dh_installinit dh_installinit
dh_installinit
dh_systemd_start
dh_installlogrotate
dh_lintian
dh_perl
dh_link
dh_strip_nondeterminism
dh_compress
dh_fixperms
override_dh_strip dh_strip
dh_strip
dh_makeshlibs
dh_shlibdeps
dh_installdeb
dh_gencontrol
dh_md5sums
dh_builddeb
dh_builddeb
dh_builddeb
dh_builddeb
